<?xml version="1.0" encoding="UTF-8"?>
<testsuite xmlns:xsi="http://www.w3.org/2001/XMLSchema-instance" xsi:noNamespaceSchemaLocation="https://maven.apache.org/surefire/maven-surefire-plugin/xsd/surefire-test-report.xsd" name="api.get.GetRunner" time="4.182" tests="6" errors="0" skipped="0" failures="0">
  <properties>
[...]
</properties>
  <testcase name="testUsers[1][1]" classname="api.get.GetRunner" time="1.997"/>
  <testcase name="testUsers[1][2]" classname="api.get.GetRunner" time="0.109"/>
  <testcase name="testUsers[1][3]" classname="api.get.GetRunner" time="0.072"/>
  <testcase name="testUsers[1][4]" classname="api.get.GetRunner" time="0.082"/>
  <testcase name="testUsers[1][5]" classname="api.get.GetRunner" time="0.094"/>
  <testcase name="testUsers[1][6]" classname="api.get.GetRunner" time="1.206"/>
</testsuite>